<?xml version="1.0" encoding="UTF-8"?>
<testsuite name="TestStack-20250509234815" tests="8" file=".py" time="0.002" timestamp="2025-05-09T23:48:15" failures="0" errors="0" skipped="0">
	<testcase classname="TestStack" name="test_is_empty" time="0.001" timestamp="2025-05-09T23:48:15" file="test.py" line="21"/>
	<testcase classname="TestStack" name="test_is_full" time="0.000" timestamp="2025-05-09T23:48:15" file="test.py" line="28"/>
	<testcase classname="TestStack" name="test_overflow" time="0.000" timestamp="2025-05-09T23:48:15" file="test.py" line="34"/>
	<testcase classname="TestStack" name="test_peek" time="0.000" timestamp="2025-05-09T23:48:15" file="test.py" line="15"/>
	<testcase classname="TestStack" name="test_peek_empty" time="0.000" timestamp="2025-05-09T23:48:15" file="test.py" line="45"/>
	<testcase classname="TestStack" name="test_push_and_pop" time="0.000" timestamp="2025-05-09T23:48:15" file="test.py" line="9"/>
	<testcase classname="TestStack" name="test_size" time="0.000" timestamp="2025-05-09T23:48:15" file="test.py" line="49"/>
	<testcase classname="TestStack" name="test_underflow" time="0.000" timestamp="2025-05-09T23:48:15" file="test.py" line="41"/>
</testsuite>
